<?xml version="1.0" encoding="UTF-8"?>
<!-- Generated by org.testng.reporters.JUnitReportReporter -->
<testsuite hostname="DESKTOP-OF5POSM" failures="0" tests="1" name="com.orangehrm.tests.OrderTest" time="4.118" errors="0" timestamp="2025-05-06T20:19:44 IST" skipped="0">
  <testcase classname="com.orangehrm.tests.OrderTest" name="testAddMultipleItemsToCart" time="4.118"/>
</testsuite> <!-- com.orangehrm.tests.OrderTest -->
