<?xml version="1.0" encoding="UTF-8"?>
<!-- Generated by org.testng.reporters.JUnitReportReporter -->
<testsuite hostname="DESKTOP-OF5POSM" failures="0" tests="2" name="com.orangehrm.tests.LoginTest" time="7.068" errors="0" timestamp="2025-05-06T17:47:58 IST" skipped="0">
  <testcase classname="com.orangehrm.tests.LoginTest" name="testLoginAndVerifyHomepage" time="2.685"/>
  <testcase classname="com.orangehrm.tests.LoginTest" name="testLoginWithInvalidCredentials" time="4.383"/>
</testsuite> <!-- com.orangehrm.tests.LoginTest -->
