<?xml version="1.0" encoding="UTF-8"?>
<!-- Generated by org.testng.reporters.JUnitReportReporter -->
<testsuite hostname="DESKTOP-OF5POSM" failures="0" tests="2" name="com.orangehrm.tests.LoginTest" time="6.982" errors="0" timestamp="2025-05-06T20:19:44 IST" skipped="0">
  <testcase classname="com.orangehrm.tests.LoginTest" name="testLoginWithInvalidCredentials" time="2.818"/>
  <testcase classname="com.orangehrm.tests.LoginTest" name="testLoginAndVerifyHomepage" time="4.164"/>
</testsuite> <!-- com.orangehrm.tests.LoginTest -->
