<?xml version="1.0" encoding="UTF-8"?>
<!-- Generated by org.testng.reporters.JUnitReportReporter -->
<testsuite hostname="DESKTOP-OF5POSM" failures="0" tests="2" name="com.orangehrm.tests.OrangeHRMTest" time="36.521" errors="0" timestamp="2025-05-06T20:19:44 IST" skipped="0">
  <testcase classname="com.orangehrm.tests.OrangeHRMTest" name="testLoginToOrangeHRM" time="18.604"/>
  <testcase classname="com.orangehrm.tests.OrangeHRMTest" name="testNavigateToAdminPage" time="17.917"/>
</testsuite> <!-- com.orangehrm.tests.OrangeHRMTest -->
